# JRE version: OpenJDK Runtime Environment (11.0.8+10) (build 11.0.8+10-b944.6842174)
# Java VM: OpenJDK 64-Bit Server VM (11.0.8+10-b944.6842174, mixed mode, tiered, compressed oops, g1 gc, windows-amd64)
Heap:
 garbage-first heap   total 115712K, used 94873K [0x0000000080000000, 0x0000000100000000)
  region size 1024K, 8 young (8192K), 1 survivors (1024K)
 Metaspace       used 78478K, capacity 80467K, committed 80804K, reserved 1120256K
  class space    used 10098K, capacity 10753K, committed 10880K, reserved 1048576K
GC Heap History (20 events):
Event: 94.874 GC heap before
{Heap before GC invocations=46 (full 0):
 garbage-first heap   total 96256K, used 82605K [0x0000000080000000, 0x0000000100000000)
  region size 1024K, 5 young (5120K), 1 survivors (1024K)
 Metaspace       used 77654K, capacity 79565K, committed 79908K, reserved 1118208K
  class space    used 10023K, capacity 10664K, committed 10752K, reserved 1048576K
}
Event: 94.876 GC heap after
{Heap after GC invocations=47 (full 0):
 garbage-first heap   total 96256K, used 78539K [0x0000000080000000, 0x0000000100000000)
  region size 1024K, 1 young (1024K), 1 survivors (1024K)
 Metaspace       used 77654K, capacity 79565K, committed 79908K, reserved 1118208K
  class space    used 10023K, capacity 10664K, committed 10752K, reserved 1048576K
}
Event: 95.019 GC heap before
{Heap before GC invocations=47 (full 0):
 garbage-first heap   total 96256K, used 81611K [0x0000000080000000, 0x0000000100000000)
  region size 1024K, 5 young (5120K), 1 survivors (1024K)
 Metaspace       used 77663K, capacity 79565K, committed 79908K, reserved 1118208K
  class space    used 10023K, capacity 10664K, committed 10752K, reserved 1048576K
}
Event: 95.022 GC heap after
{Heap after GC invocations=48 (full 0):
 garbage-first heap   total 96256K, used 78592K [0x0000000080000000, 0x0000000100000000)
  region size 1024K, 1 young (1024K), 1 survivors (1024K)
 Metaspace       used 77663K, capacity 79565K, committed 79908K, reserved 1118208K
  class space    used 10023K, capacity 10664K, committed 10752K, reserved 1048576K
}
Event: 95.086 GC heap before
{Heap before GC invocations=48 (full 0):
 garbage-first heap   total 96256K, used 82688K [0x0000000080000000, 0x0000000100000000)
  region size 1024K, 5 young (5120K), 1 survivors (1024K)
 Metaspace       used 77667K, capacity 79565K, committed 79908K, reserved 1118208K
  class space    used 10023K, capacity 10664K, committed 10752K, reserved 1048576K
}
Event: 95.088 GC heap after
{Heap after GC invocations=49 (full 0):
 garbage-first heap   total 96256K, used 78672K [0x0000000080000000, 0x0000000100000000)
  region size 1024K, 1 young (1024K), 1 survivors (1024K)
 Metaspace       used 77667K, capacity 79565K, committed 79908K, reserved 1118208K
  class space    used 10023K, capacity 10664K, committed 10752K, reserved 1048576K
}
Event: 95.144 GC heap before
{Heap before GC invocations=49 (full 0):
 garbage-first heap   total 96256K, used 82768K [0x0000000080000000, 0x0000000100000000)
  region size 1024K, 5 young (5120K), 1 survivors (1024K)
 Metaspace       used 77674K, capacity 79565K, committed 79908K, reserved 1118208K
  class space    used 10023K, capacity 10664K, committed 10752K, reserved 1048576K
}
Event: 95.145 GC heap after
{Heap after GC invocations=50 (full 0):
 garbage-first heap   total 96256K, used 78727K [0x0000000080000000, 0x0000000100000000)
  region size 1024K, 1 young (1024K), 1 survivors (1024K)
 Metaspace       used 77674K, capacity 79565K, committed 79908K, reserved 1118208K
  class space    used 10023K, capacity 10664K, committed 10752K, reserved 1048576K
}
Event: 95.255 GC heap before
{Heap before GC invocations=50 (full 0):
 garbage-first heap   total 96256K, used 82823K [0x0000000080000000, 0x0000000100000000)
  region size 1024K, 5 young (5120K), 1 survivors (1024K)
 Metaspace       used 77898K, capacity 79800K, committed 79908K, reserved 1118208K
  class space    used 10042K, capacity 10700K, committed 10752K, reserved 1048576K
}
Event: 95.258 GC heap after
{Heap after GC invocations=51 (full 0):
 garbage-first heap   total 96256K, used 78832K [0x0000000080000000, 0x0000000100000000)
  region size 1024K, 1 young (1024K), 1 survivors (1024K)
 Metaspace       used 77898K, capacity 79800K, committed 79908K, reserved 1118208K
  class space    used 10042K, capacity 10700K, committed 10752K, reserved 1048576K
}
Event: 95.358 GC heap before
{Heap before GC invocations=52 (full 0):
 garbage-first heap   total 96256K, used 82928K [0x0000000080000000, 0x0000000100000000)
  region size 1024K, 5 young (5120K), 1 survivors (1024K)
 Metaspace       used 77994K, capacity 79931K, committed 80164K, reserved 1118208K
  class space    used 10053K, capacity 10701K, committed 10752K, reserved 1048576K
}
Event: 95.361 GC heap after
{Heap after GC invocations=53 (full 0):
 garbage-first heap   total 96256K, used 79880K [0x0000000080000000, 0x0000000100000000)
  region size 1024K, 1 young (1024K), 1 survivors (1024K)
 Metaspace       used 77994K, capacity 79931K, committed 80164K, reserved 1118208K
  class space    used 10053K, capacity 10701K, committed 10752K, reserved 1048576K
}
Event: 95.440 GC heap before
{Heap before GC invocations=53 (full 0):
 garbage-first heap   total 96256K, used 82952K [0x0000000080000000, 0x0000000100000000)
  region size 1024K, 4 young (4096K), 1 survivors (1024K)
 Metaspace       used 78137K, capacity 80049K, committed 80164K, reserved 1118208K
  class space    used 10066K, capacity 10710K, committed 10752K, reserved 1048576K
}
Event: 95.443 GC heap after
{Heap after GC invocations=54 (full 0):
 garbage-first heap   total 96256K, used 79850K [0x0000000080000000, 0x0000000100000000)
  region size 1024K, 1 young (1024K), 1 survivors (1024K)
 Metaspace       used 78137K, capacity 80049K, committed 80164K, reserved 1118208K
  class space    used 10066K, capacity 10710K, committed 10752K, reserved 1048576K
}
Event: 95.614 GC heap before
{Heap before GC invocations=54 (full 0):
 garbage-first heap   total 96256K, used 82922K [0x0000000080000000, 0x0000000100000000)
  region size 1024K, 4 young (4096K), 1 survivors (1024K)
 Metaspace       used 78246K, capacity 80211K, committed 80548K, reserved 1120256K
  class space    used 10080K, capacity 10753K, committed 10880K, reserved 1048576K
}
Event: 95.616 GC heap after
{Heap after GC invocations=55 (full 0):
 garbage-first heap   total 96256K, used 79888K [0x0000000080000000, 0x0000000100000000)
  region size 1024K, 1 young (1024K), 1 survivors (1024K)
 Metaspace       used 78246K, capacity 80211K, committed 80548K, reserved 1120256K
  class space    used 10080K, capacity 10753K, committed 10880K, reserved 1048576K
}
Event: 95.798 GC heap before
{Heap before GC invocations=56 (full 0):
 garbage-first heap   total 96256K, used 83984K [0x0000000080000000, 0x0000000100000000)
  region size 1024K, 4 young (4096K), 1 survivors (1024K)
 Metaspace       used 78420K, capacity 80339K, committed 80548K, reserved 1120256K
  class space    used 10096K, capacity 10753K, committed 10880K, reserved 1048576K
}
Event: 95.806 GC heap after
{Heap after GC invocations=57 (full 0):
 garbage-first heap   total 115712K, used 81478K [0x0000000080000000, 0x0000000100000000)
  region size 1024K, 1 young (1024K), 1 survivors (1024K)
 Metaspace       used 78420K, capacity 80339K, committed 80548K, reserved 1120256K
  class space    used 10096K, capacity 10753K, committed 10880K, reserved 1048576K
}
Event: 95.819 GC heap before
{Heap before GC invocations=57 (full 0):
 garbage-first heap   total 115712K, used 81478K [0x0000000080000000, 0x0000000100000000)
  region size 1024K, 2 young (2048K), 1 survivors (1024K)
 Metaspace       used 78420K, capacity 80339K, committed 80548K, reserved 1120256K
  class space    used 10096K, capacity 10753K, committed 10880K, reserved 1048576K
}
Event: 95.827 GC heap after
{Heap after GC invocations=58 (full 0):
 garbage-first heap   total 115712K, used 81561K [0x0000000080000000, 0x0000000100000000)
  region size 1024K, 1 young (1024K), 1 survivors (1024K)
 Metaspace       used 78420K, capacity 80339K, committed 80548K, reserved 1120256K
  class space    used 10096K, capacity 10753K, committed 10880K, reserved 1048576K
}

